2017-09-09 17:33:50,808 - Log4JLogChute initialized using file 'velocity.log'
2017-09-09 17:33:50,809 - Initializing Velocity, Calling init()...
2017-09-09 17:33:50,809 - Starting Apache Velocity v1.7 (compiled: 2010-11-19 12:14:37)
2017-09-09 17:33:50,809 - Default Properties File: org/apache/velocity/runtime/defaults/velocity.properties
2017-09-09 17:33:50,809 - Trying to use logger class org.apache.velocity.runtime.log.AvalonLogChute
2017-09-09 17:33:50,809 - Target log system for org.apache.velocity.runtime.log.AvalonLogChute is not available (java.lang.NoClassDefFoundError: org/apache/log/format/Formatter).  Falling back to next log system...
2017-09-09 17:33:50,809 - Trying to use logger class org.apache.velocity.runtime.log.Log4JLogChute
2017-09-09 17:33:50,809 - Using logger class org.apache.velocity.runtime.log.Log4JLogChute
2017-09-09 17:33:50,822 - ResourceLoader instantiated: org.apache.velocity.runtime.resource.loader.FileResourceLoader
2017-09-09 17:33:50,826 - Do unicode file recognition:  false
2017-09-09 17:33:50,826 - FileResourceLoader : adding path 'home/justincai/NetBeansProjects/framework/target/classes/template/'
2017-09-09 17:33:50,897 - ResourceCache: initialized (class org.apache.velocity.runtime.resource.ResourceCacheImpl) with class java.util.Collections$SynchronizedMap cache map.
2017-09-09 17:33:50,901 - Loaded System Directive: org.apache.velocity.runtime.directive.Stop
2017-09-09 17:33:50,905 - Loaded System Directive: org.apache.velocity.runtime.directive.Define
2017-09-09 17:33:50,907 - Loaded System Directive: org.apache.velocity.runtime.directive.Break
2017-09-09 17:33:50,909 - Loaded System Directive: org.apache.velocity.runtime.directive.Evaluate
2017-09-09 17:33:50,911 - Loaded System Directive: org.apache.velocity.runtime.directive.Literal
2017-09-09 17:33:50,914 - Loaded System Directive: org.apache.velocity.runtime.directive.Macro
2017-09-09 17:33:50,918 - Loaded System Directive: org.apache.velocity.runtime.directive.Parse
2017-09-09 17:33:50,922 - Loaded System Directive: org.apache.velocity.runtime.directive.Include
2017-09-09 17:33:50,924 - Loaded System Directive: org.apache.velocity.runtime.directive.Foreach
2017-09-09 17:33:50,993 - Created '20' parsers.
2017-09-09 17:33:51,019 - Velocimacro : "velocimacro.library" is not set.  Trying default library: VM_global_library.vm
2017-09-09 17:33:51,020 - Velocimacro : Default library not found.
2017-09-09 17:33:51,020 - Velocimacro : allowInline = true : VMs can be defined inline in templates
2017-09-09 17:33:51,020 - Velocimacro : allowInlineToOverride = false : VMs defined inline may NOT replace previous VM definitions
2017-09-09 17:33:51,020 - Velocimacro : allowInlineLocal = false : VMs defined inline will be global in scope if allowed.
2017-09-09 17:33:51,020 - Velocimacro : autoload off : VM system will not automatically reload global library macros
2017-09-09 17:33:51,024 - ResourceManager : unable to find resource 'generatorConfig.vm' in any resource loader.
2017-09-09 17:38:10,174 - Log4JLogChute initialized using file 'velocity.log'
2017-09-09 17:38:10,174 - Initializing Velocity, Calling init()...
2017-09-09 17:38:10,174 - Starting Apache Velocity v1.7 (compiled: 2010-11-19 12:14:37)
2017-09-09 17:38:10,174 - Default Properties File: org/apache/velocity/runtime/defaults/velocity.properties
2017-09-09 17:38:10,174 - Trying to use logger class org.apache.velocity.runtime.log.AvalonLogChute
2017-09-09 17:38:10,174 - Target log system for org.apache.velocity.runtime.log.AvalonLogChute is not available (java.lang.NoClassDefFoundError: org/apache/log/format/Formatter).  Falling back to next log system...
2017-09-09 17:38:10,175 - Trying to use logger class org.apache.velocity.runtime.log.Log4JLogChute
2017-09-09 17:38:10,175 - Using logger class org.apache.velocity.runtime.log.Log4JLogChute
2017-09-09 17:38:10,187 - ResourceLoader instantiated: org.apache.velocity.runtime.resource.loader.FileResourceLoader
2017-09-09 17:38:10,190 - Do unicode file recognition:  false
2017-09-09 17:38:10,190 - FileResourceLoader : adding path 'home/justincai/NetBeansProjects/framework/target/classes/template/'
2017-09-09 17:38:10,212 - ResourceCache: initialized (class org.apache.velocity.runtime.resource.ResourceCacheImpl) with class java.util.Collections$SynchronizedMap cache map.
2017-09-09 17:38:10,216 - Loaded System Directive: org.apache.velocity.runtime.directive.Stop
2017-09-09 17:38:10,220 - Loaded System Directive: org.apache.velocity.runtime.directive.Define
2017-09-09 17:38:10,222 - Loaded System Directive: org.apache.velocity.runtime.directive.Break
2017-09-09 17:38:10,224 - Loaded System Directive: org.apache.velocity.runtime.directive.Evaluate
2017-09-09 17:38:10,225 - Loaded System Directive: org.apache.velocity.runtime.directive.Literal
2017-09-09 17:38:10,229 - Loaded System Directive: org.apache.velocity.runtime.directive.Macro
2017-09-09 17:38:10,233 - Loaded System Directive: org.apache.velocity.runtime.directive.Parse
2017-09-09 17:38:10,236 - Loaded System Directive: org.apache.velocity.runtime.directive.Include
2017-09-09 17:38:10,238 - Loaded System Directive: org.apache.velocity.runtime.directive.Foreach
2017-09-09 17:38:10,304 - Created '20' parsers.
2017-09-09 17:38:10,330 - Velocimacro : "velocimacro.library" is not set.  Trying default library: VM_global_library.vm
2017-09-09 17:38:10,330 - Velocimacro : Default library not found.
2017-09-09 17:38:10,330 - Velocimacro : allowInline = true : VMs can be defined inline in templates
2017-09-09 17:38:10,330 - Velocimacro : allowInlineToOverride = false : VMs defined inline may NOT replace previous VM definitions
2017-09-09 17:38:10,331 - Velocimacro : allowInlineLocal = false : VMs defined inline will be global in scope if allowed.
2017-09-09 17:38:10,331 - Velocimacro : autoload off : VM system will not automatically reload global library macros
2017-09-09 17:38:40,491 - ResourceManager : unable to find resource 'generatorConfig.vm' in any resource loader.
2017-09-09 17:42:43,093 - Log4JLogChute initialized using file 'velocity.log'
2017-09-09 17:42:43,093 - Initializing Velocity, Calling init()...
2017-09-09 17:42:43,093 - Starting Apache Velocity v1.7 (compiled: 2010-11-19 12:14:37)
2017-09-09 17:42:43,093 - Default Properties File: org/apache/velocity/runtime/defaults/velocity.properties
2017-09-09 17:42:43,093 - Trying to use logger class org.apache.velocity.runtime.log.AvalonLogChute
2017-09-09 17:42:43,093 - Target log system for org.apache.velocity.runtime.log.AvalonLogChute is not available (java.lang.NoClassDefFoundError: org/apache/log/format/Formatter).  Falling back to next log system...
2017-09-09 17:42:43,093 - Trying to use logger class org.apache.velocity.runtime.log.Log4JLogChute
2017-09-09 17:42:43,093 - Using logger class org.apache.velocity.runtime.log.Log4JLogChute
2017-09-09 17:42:43,100 - ResourceLoader instantiated: org.apache.velocity.runtime.resource.loader.FileResourceLoader
2017-09-09 17:42:43,101 - Do unicode file recognition:  false
2017-09-09 17:42:43,101 - FileResourceLoader : adding path '/home/justincai/NetBeansProjects/framework/target/classes/template/'
2017-09-09 17:42:43,109 - ResourceCache: initialized (class org.apache.velocity.runtime.resource.ResourceCacheImpl) with class java.util.Collections$SynchronizedMap cache map.
2017-09-09 17:42:43,111 - Loaded System Directive: org.apache.velocity.runtime.directive.Stop
2017-09-09 17:42:43,112 - Loaded System Directive: org.apache.velocity.runtime.directive.Define
2017-09-09 17:42:43,112 - Loaded System Directive: org.apache.velocity.runtime.directive.Break
2017-09-09 17:42:43,113 - Loaded System Directive: org.apache.velocity.runtime.directive.Evaluate
2017-09-09 17:42:43,114 - Loaded System Directive: org.apache.velocity.runtime.directive.Literal
2017-09-09 17:42:43,115 - Loaded System Directive: org.apache.velocity.runtime.directive.Macro
2017-09-09 17:42:43,116 - Loaded System Directive: org.apache.velocity.runtime.directive.Parse
2017-09-09 17:42:43,117 - Loaded System Directive: org.apache.velocity.runtime.directive.Include
2017-09-09 17:42:43,118 - Loaded System Directive: org.apache.velocity.runtime.directive.Foreach
2017-09-09 17:42:43,155 - Created '20' parsers.
2017-09-09 17:42:43,170 - Velocimacro : "velocimacro.library" is not set.  Trying default library: VM_global_library.vm
2017-09-09 17:42:43,170 - Velocimacro : Default library not found.
2017-09-09 17:42:43,170 - Velocimacro : allowInline = true : VMs can be defined inline in templates
2017-09-09 17:42:43,171 - Velocimacro : allowInlineToOverride = false : VMs defined inline may NOT replace previous VM definitions
2017-09-09 17:42:43,171 - Velocimacro : allowInlineLocal = false : VMs defined inline will be global in scope if allowed.
2017-09-09 17:42:43,171 - Velocimacro : autoload off : VM system will not automatically reload global library macros
2017-09-09 17:42:48,137 - ResourceManager : found generatorConfig.vm with loader org.apache.velocity.runtime.resource.loader.FileResourceLoader
2017-09-09 17:43:20,549 - Null reference [template 'generatorConfig.vm', line 46, column 38] : ${generator.jdbc.driver} cannot be resolved.
2017-09-09 17:43:20,550 - Null reference [template 'generatorConfig.vm', line 47, column 40] : ${generator.jdbc.url} cannot be resolved.
2017-09-09 17:43:20,550 - Null reference [template 'generatorConfig.vm', line 48, column 33] : ${generator.jdbc.username} cannot be resolved.
2017-09-10 11:41:50,448 - Log4JLogChute initialized using file 'velocity.log'
2017-09-10 11:41:50,449 - Initializing Velocity, Calling init()...
2017-09-10 11:41:50,449 - Starting Apache Velocity v1.7 (compiled: 2010-11-19 12:14:37)
2017-09-10 11:41:50,449 - Default Properties File: org/apache/velocity/runtime/defaults/velocity.properties
2017-09-10 11:41:50,449 - Trying to use logger class org.apache.velocity.runtime.log.AvalonLogChute
2017-09-10 11:41:50,449 - Target log system for org.apache.velocity.runtime.log.AvalonLogChute is not available (java.lang.NoClassDefFoundError: org/apache/log/format/Formatter).  Falling back to next log system...
2017-09-10 11:41:50,449 - Trying to use logger class org.apache.velocity.runtime.log.Log4JLogChute
2017-09-10 11:41:50,449 - Using logger class org.apache.velocity.runtime.log.Log4JLogChute
2017-09-10 11:41:50,453 - ResourceLoader instantiated: org.apache.velocity.runtime.resource.loader.FileResourceLoader
2017-09-10 11:41:50,454 - Do unicode file recognition:  false
2017-09-10 11:41:50,454 - FileResourceLoader : adding path '/home/justincai/NetBeansProjects/framework/target/classes/template/'
2017-09-10 11:41:50,461 - ResourceCache: initialized (class org.apache.velocity.runtime.resource.ResourceCacheImpl) with class java.util.Collections$SynchronizedMap cache map.
2017-09-10 11:41:50,462 - Loaded System Directive: org.apache.velocity.runtime.directive.Stop
2017-09-10 11:41:50,463 - Loaded System Directive: org.apache.velocity.runtime.directive.Define
2017-09-10 11:41:50,464 - Loaded System Directive: org.apache.velocity.runtime.directive.Break
2017-09-10 11:41:50,465 - Loaded System Directive: org.apache.velocity.runtime.directive.Evaluate
2017-09-10 11:41:50,465 - Loaded System Directive: org.apache.velocity.runtime.directive.Literal
2017-09-10 11:41:50,466 - Loaded System Directive: org.apache.velocity.runtime.directive.Macro
2017-09-10 11:41:50,467 - Loaded System Directive: org.apache.velocity.runtime.directive.Parse
2017-09-10 11:41:50,468 - Loaded System Directive: org.apache.velocity.runtime.directive.Include
2017-09-10 11:41:50,469 - Loaded System Directive: org.apache.velocity.runtime.directive.Foreach
2017-09-10 11:41:50,509 - Created '20' parsers.
2017-09-10 11:41:50,520 - Velocimacro : "velocimacro.library" is not set.  Trying default library: VM_global_library.vm
2017-09-10 11:41:50,520 - Velocimacro : Default library not found.
2017-09-10 11:41:50,520 - Velocimacro : allowInline = true : VMs can be defined inline in templates
2017-09-10 11:41:50,520 - Velocimacro : allowInlineToOverride = false : VMs defined inline may NOT replace previous VM definitions
2017-09-10 11:41:50,520 - Velocimacro : allowInlineLocal = false : VMs defined inline will be global in scope if allowed.
2017-09-10 11:41:50,520 - Velocimacro : autoload off : VM system will not automatically reload global library macros
2017-09-10 11:41:50,536 - ResourceManager : found generatorConfig.vm with loader org.apache.velocity.runtime.resource.loader.FileResourceLoader
2017-09-10 11:41:50,539 - Null reference [template 'generatorConfig.vm', line 46, column 38] : ${generator.jdbc.driver} cannot be resolved.
2017-09-10 11:41:50,539 - Null reference [template 'generatorConfig.vm', line 47, column 40] : ${generator.jdbc.url} cannot be resolved.
2017-09-10 11:41:50,539 - Null reference [template 'generatorConfig.vm', line 48, column 33] : ${generator.jdbc.username} cannot be resolved.
2017-09-10 11:50:25,783 - Log4JLogChute initialized using file 'velocity.log'
2017-09-10 11:50:25,783 - Initializing Velocity, Calling init()...
2017-09-10 11:50:25,783 - Starting Apache Velocity v1.7 (compiled: 2010-11-19 12:14:37)
2017-09-10 11:50:25,783 - Default Properties File: org/apache/velocity/runtime/defaults/velocity.properties
2017-09-10 11:50:25,783 - Trying to use logger class org.apache.velocity.runtime.log.AvalonLogChute
2017-09-10 11:50:25,783 - Target log system for org.apache.velocity.runtime.log.AvalonLogChute is not available (java.lang.NoClassDefFoundError: org/apache/log/format/Formatter).  Falling back to next log system...
2017-09-10 11:50:25,783 - Trying to use logger class org.apache.velocity.runtime.log.Log4JLogChute
2017-09-10 11:50:25,783 - Using logger class org.apache.velocity.runtime.log.Log4JLogChute
2017-09-10 11:50:25,788 - ResourceLoader instantiated: org.apache.velocity.runtime.resource.loader.FileResourceLoader
2017-09-10 11:50:25,789 - Do unicode file recognition:  false
2017-09-10 11:50:25,789 - FileResourceLoader : adding path '/home/justincai/NetBeansProjects/framework/target/classes/template/'
2017-09-10 11:50:25,795 - ResourceCache: initialized (class org.apache.velocity.runtime.resource.ResourceCacheImpl) with class java.util.Collections$SynchronizedMap cache map.
2017-09-10 11:50:25,798 - Loaded System Directive: org.apache.velocity.runtime.directive.Stop
2017-09-10 11:50:25,799 - Loaded System Directive: org.apache.velocity.runtime.directive.Define
2017-09-10 11:50:25,799 - Loaded System Directive: org.apache.velocity.runtime.directive.Break
2017-09-10 11:50:25,800 - Loaded System Directive: org.apache.velocity.runtime.directive.Evaluate
2017-09-10 11:50:25,801 - Loaded System Directive: org.apache.velocity.runtime.directive.Literal
2017-09-10 11:50:25,801 - Loaded System Directive: org.apache.velocity.runtime.directive.Macro
2017-09-10 11:50:25,803 - Loaded System Directive: org.apache.velocity.runtime.directive.Parse
2017-09-10 11:50:25,804 - Loaded System Directive: org.apache.velocity.runtime.directive.Include
2017-09-10 11:50:25,804 - Loaded System Directive: org.apache.velocity.runtime.directive.Foreach
2017-09-10 11:50:25,870 - Created '20' parsers.
2017-09-10 11:50:25,877 - Velocimacro : "velocimacro.library" is not set.  Trying default library: VM_global_library.vm
2017-09-10 11:50:25,877 - Velocimacro : Default library not found.
2017-09-10 11:50:25,877 - Velocimacro : allowInline = true : VMs can be defined inline in templates
2017-09-10 11:50:25,877 - Velocimacro : allowInlineToOverride = false : VMs defined inline may NOT replace previous VM definitions
2017-09-10 11:50:25,877 - Velocimacro : allowInlineLocal = false : VMs defined inline will be global in scope if allowed.
2017-09-10 11:50:25,877 - Velocimacro : autoload off : VM system will not automatically reload global library macros
2017-09-10 11:50:25,895 - ResourceManager : found generatorConfig.vm with loader org.apache.velocity.runtime.resource.loader.FileResourceLoader
2017-09-10 11:54:22,605 - Log4JLogChute initialized using file 'velocity.log'
2017-09-10 11:54:22,605 - Initializing Velocity, Calling init()...
2017-09-10 11:54:22,605 - Starting Apache Velocity v1.7 (compiled: 2010-11-19 12:14:37)
2017-09-10 11:54:22,606 - Default Properties File: org/apache/velocity/runtime/defaults/velocity.properties
2017-09-10 11:54:22,606 - Trying to use logger class org.apache.velocity.runtime.log.AvalonLogChute
2017-09-10 11:54:22,606 - Target log system for org.apache.velocity.runtime.log.AvalonLogChute is not available (java.lang.NoClassDefFoundError: org/apache/log/format/Formatter).  Falling back to next log system...
2017-09-10 11:54:22,606 - Trying to use logger class org.apache.velocity.runtime.log.Log4JLogChute
2017-09-10 11:54:22,606 - Using logger class org.apache.velocity.runtime.log.Log4JLogChute
2017-09-10 11:54:22,610 - ResourceLoader instantiated: org.apache.velocity.runtime.resource.loader.FileResourceLoader
2017-09-10 11:54:22,611 - Do unicode file recognition:  false
2017-09-10 11:54:22,611 - FileResourceLoader : adding path '/home/justincai/NetBeansProjects/framework/target/classes/template/'
2017-09-10 11:54:22,617 - ResourceCache: initialized (class org.apache.velocity.runtime.resource.ResourceCacheImpl) with class java.util.Collections$SynchronizedMap cache map.
2017-09-10 11:54:22,619 - Loaded System Directive: org.apache.velocity.runtime.directive.Stop
2017-09-10 11:54:22,620 - Loaded System Directive: org.apache.velocity.runtime.directive.Define
2017-09-10 11:54:22,621 - Loaded System Directive: org.apache.velocity.runtime.directive.Break
2017-09-10 11:54:22,621 - Loaded System Directive: org.apache.velocity.runtime.directive.Evaluate
2017-09-10 11:54:22,622 - Loaded System Directive: org.apache.velocity.runtime.directive.Literal
2017-09-10 11:54:22,623 - Loaded System Directive: org.apache.velocity.runtime.directive.Macro
2017-09-10 11:54:22,624 - Loaded System Directive: org.apache.velocity.runtime.directive.Parse
2017-09-10 11:54:22,625 - Loaded System Directive: org.apache.velocity.runtime.directive.Include
2017-09-10 11:54:22,626 - Loaded System Directive: org.apache.velocity.runtime.directive.Foreach
2017-09-10 11:54:22,661 - Created '20' parsers.
2017-09-10 11:54:22,670 - Velocimacro : "velocimacro.library" is not set.  Trying default library: VM_global_library.vm
2017-09-10 11:54:22,670 - Velocimacro : Default library not found.
2017-09-10 11:54:22,670 - Velocimacro : allowInline = true : VMs can be defined inline in templates
2017-09-10 11:54:22,670 - Velocimacro : allowInlineToOverride = false : VMs defined inline may NOT replace previous VM definitions
2017-09-10 11:54:22,670 - Velocimacro : allowInlineLocal = false : VMs defined inline will be global in scope if allowed.
2017-09-10 11:54:22,670 - Velocimacro : autoload off : VM system will not automatically reload global library macros
2017-09-10 11:54:22,691 - ResourceManager : found generatorConfig.vm with loader org.apache.velocity.runtime.resource.loader.FileResourceLoader
2017-09-10 14:31:11,139 - Log4JLogChute initialized using file 'velocity.log'
2017-09-10 14:31:11,139 - Initializing Velocity, Calling init()...
2017-09-10 14:31:11,139 - Starting Apache Velocity v1.7 (compiled: 2010-11-19 12:14:37)
2017-09-10 14:31:11,139 - Default Properties File: org/apache/velocity/runtime/defaults/velocity.properties
2017-09-10 14:31:11,139 - Trying to use logger class org.apache.velocity.runtime.log.AvalonLogChute
2017-09-10 14:31:11,139 - Target log system for org.apache.velocity.runtime.log.AvalonLogChute is not available (java.lang.NoClassDefFoundError: org/apache/log/format/Formatter).  Falling back to next log system...
2017-09-10 14:31:11,139 - Trying to use logger class org.apache.velocity.runtime.log.Log4JLogChute
2017-09-10 14:31:11,139 - Using logger class org.apache.velocity.runtime.log.Log4JLogChute
2017-09-10 14:31:11,143 - ResourceLoader instantiated: org.apache.velocity.runtime.resource.loader.FileResourceLoader
2017-09-10 14:31:11,144 - Do unicode file recognition:  false
2017-09-10 14:31:11,144 - FileResourceLoader : adding path '/home/justincai/NetBeansProjects/framework/target/classes/template/'
2017-09-10 14:31:11,150 - ResourceCache: initialized (class org.apache.velocity.runtime.resource.ResourceCacheImpl) with class java.util.Collections$SynchronizedMap cache map.
2017-09-10 14:31:11,152 - Loaded System Directive: org.apache.velocity.runtime.directive.Stop
2017-09-10 14:31:11,153 - Loaded System Directive: org.apache.velocity.runtime.directive.Define
2017-09-10 14:31:11,154 - Loaded System Directive: org.apache.velocity.runtime.directive.Break
2017-09-10 14:31:11,154 - Loaded System Directive: org.apache.velocity.runtime.directive.Evaluate
2017-09-10 14:31:11,155 - Loaded System Directive: org.apache.velocity.runtime.directive.Literal
2017-09-10 14:31:11,156 - Loaded System Directive: org.apache.velocity.runtime.directive.Macro
2017-09-10 14:31:11,157 - Loaded System Directive: org.apache.velocity.runtime.directive.Parse
2017-09-10 14:31:11,158 - Loaded System Directive: org.apache.velocity.runtime.directive.Include
2017-09-10 14:31:11,159 - Loaded System Directive: org.apache.velocity.runtime.directive.Foreach
2017-09-10 14:31:11,196 - Created '20' parsers.
2017-09-10 14:31:11,203 - Velocimacro : "velocimacro.library" is not set.  Trying default library: VM_global_library.vm
2017-09-10 14:31:11,203 - Velocimacro : Default library not found.
2017-09-10 14:31:11,203 - Velocimacro : allowInline = true : VMs can be defined inline in templates
2017-09-10 14:31:11,203 - Velocimacro : allowInlineToOverride = false : VMs defined inline may NOT replace previous VM definitions
2017-09-10 14:31:11,203 - Velocimacro : allowInlineLocal = false : VMs defined inline will be global in scope if allowed.
2017-09-10 14:31:11,203 - Velocimacro : autoload off : VM system will not automatically reload global library macros
2017-09-10 14:31:11,219 - ResourceManager : found generatorConfig.vm with loader org.apache.velocity.runtime.resource.loader.FileResourceLoader
2017-09-10 14:33:38,836 - Log4JLogChute initialized using file 'velocity.log'
2017-09-10 14:33:38,837 - Initializing Velocity, Calling init()...
2017-09-10 14:33:38,837 - Starting Apache Velocity v1.7 (compiled: 2010-11-19 12:14:37)
2017-09-10 14:33:38,837 - Default Properties File: org/apache/velocity/runtime/defaults/velocity.properties
2017-09-10 14:33:38,837 - Trying to use logger class org.apache.velocity.runtime.log.AvalonLogChute
2017-09-10 14:33:38,837 - Target log system for org.apache.velocity.runtime.log.AvalonLogChute is not available (java.lang.NoClassDefFoundError: org/apache/log/format/Formatter).  Falling back to next log system...
2017-09-10 14:33:38,837 - Trying to use logger class org.apache.velocity.runtime.log.Log4JLogChute
2017-09-10 14:33:38,837 - Using logger class org.apache.velocity.runtime.log.Log4JLogChute
2017-09-10 14:33:38,841 - ResourceLoader instantiated: org.apache.velocity.runtime.resource.loader.FileResourceLoader
2017-09-10 14:33:38,842 - Do unicode file recognition:  false
2017-09-10 14:33:38,842 - FileResourceLoader : adding path '/home/justincai/NetBeansProjects/framework/target/classes/template/'
2017-09-10 14:33:38,848 - ResourceCache: initialized (class org.apache.velocity.runtime.resource.ResourceCacheImpl) with class java.util.Collections$SynchronizedMap cache map.
2017-09-10 14:33:38,850 - Loaded System Directive: org.apache.velocity.runtime.directive.Stop
2017-09-10 14:33:38,851 - Loaded System Directive: org.apache.velocity.runtime.directive.Define
2017-09-10 14:33:38,851 - Loaded System Directive: org.apache.velocity.runtime.directive.Break
2017-09-10 14:33:38,852 - Loaded System Directive: org.apache.velocity.runtime.directive.Evaluate
2017-09-10 14:33:38,853 - Loaded System Directive: org.apache.velocity.runtime.directive.Literal
2017-09-10 14:33:38,853 - Loaded System Directive: org.apache.velocity.runtime.directive.Macro
2017-09-10 14:33:38,855 - Loaded System Directive: org.apache.velocity.runtime.directive.Parse
2017-09-10 14:33:38,855 - Loaded System Directive: org.apache.velocity.runtime.directive.Include
2017-09-10 14:33:38,856 - Loaded System Directive: org.apache.velocity.runtime.directive.Foreach
2017-09-10 14:33:38,899 - Created '20' parsers.
2017-09-10 14:33:38,905 - Velocimacro : "velocimacro.library" is not set.  Trying default library: VM_global_library.vm
2017-09-10 14:33:38,905 - Velocimacro : Default library not found.
2017-09-10 14:33:38,906 - Velocimacro : allowInline = true : VMs can be defined inline in templates
2017-09-10 14:33:38,906 - Velocimacro : allowInlineToOverride = false : VMs defined inline may NOT replace previous VM definitions
2017-09-10 14:33:38,906 - Velocimacro : allowInlineLocal = false : VMs defined inline will be global in scope if allowed.
2017-09-10 14:33:38,906 - Velocimacro : autoload off : VM system will not automatically reload global library macros
2017-09-10 14:33:38,926 - ResourceManager : found generatorConfig.vm with loader org.apache.velocity.runtime.resource.loader.FileResourceLoader
2017-09-10 15:16:20,797 - Log4JLogChute initialized using file 'velocity.log'
2017-09-10 15:16:20,798 - Initializing Velocity, Calling init()...
2017-09-10 15:16:20,798 - Starting Apache Velocity v1.7 (compiled: 2010-11-19 12:14:37)
2017-09-10 15:16:20,798 - Default Properties File: org/apache/velocity/runtime/defaults/velocity.properties
2017-09-10 15:16:20,798 - Trying to use logger class org.apache.velocity.runtime.log.AvalonLogChute
2017-09-10 15:16:20,798 - Target log system for org.apache.velocity.runtime.log.AvalonLogChute is not available (java.lang.NoClassDefFoundError: org/apache/log/format/Formatter).  Falling back to next log system...
2017-09-10 15:16:20,798 - Trying to use logger class org.apache.velocity.runtime.log.Log4JLogChute
2017-09-10 15:16:20,798 - Using logger class org.apache.velocity.runtime.log.Log4JLogChute
2017-09-10 15:16:20,802 - ResourceLoader instantiated: org.apache.velocity.runtime.resource.loader.FileResourceLoader
2017-09-10 15:16:20,803 - Do unicode file recognition:  false
2017-09-10 15:16:20,803 - FileResourceLoader : adding path '/home/justincai/NetBeansProjects/framework/target/classes/template/'
2017-09-10 15:16:20,809 - ResourceCache: initialized (class org.apache.velocity.runtime.resource.ResourceCacheImpl) with class java.util.Collections$SynchronizedMap cache map.
2017-09-10 15:16:20,811 - Loaded System Directive: org.apache.velocity.runtime.directive.Stop
2017-09-10 15:16:20,812 - Loaded System Directive: org.apache.velocity.runtime.directive.Define
2017-09-10 15:16:20,812 - Loaded System Directive: org.apache.velocity.runtime.directive.Break
2017-09-10 15:16:20,813 - Loaded System Directive: org.apache.velocity.runtime.directive.Evaluate
2017-09-10 15:16:20,814 - Loaded System Directive: org.apache.velocity.runtime.directive.Literal
2017-09-10 15:16:20,815 - Loaded System Directive: org.apache.velocity.runtime.directive.Macro
2017-09-10 15:16:20,816 - Loaded System Directive: org.apache.velocity.runtime.directive.Parse
2017-09-10 15:16:20,816 - Loaded System Directive: org.apache.velocity.runtime.directive.Include
2017-09-10 15:16:20,817 - Loaded System Directive: org.apache.velocity.runtime.directive.Foreach
2017-09-10 15:16:20,854 - Created '20' parsers.
2017-09-10 15:16:20,861 - Velocimacro : "velocimacro.library" is not set.  Trying default library: VM_global_library.vm
2017-09-10 15:16:20,861 - Velocimacro : Default library not found.
2017-09-10 15:16:20,861 - Velocimacro : allowInline = true : VMs can be defined inline in templates
2017-09-10 15:16:20,861 - Velocimacro : allowInlineToOverride = false : VMs defined inline may NOT replace previous VM definitions
2017-09-10 15:16:20,861 - Velocimacro : allowInlineLocal = false : VMs defined inline will be global in scope if allowed.
2017-09-10 15:16:20,862 - Velocimacro : autoload off : VM system will not automatically reload global library macros
2017-09-10 15:16:20,877 - ResourceManager : found generatorConfig.vm with loader org.apache.velocity.runtime.resource.loader.FileResourceLoader
2017-09-10 15:17:56,305 - ResourceManager : found Service.vm with loader org.apache.velocity.runtime.resource.loader.FileResourceLoader
2017-09-10 15:29:17,587 - Log4JLogChute initialized using file 'velocity.log'
2017-09-10 15:29:17,587 - Initializing Velocity, Calling init()...
2017-09-10 15:29:17,587 - Starting Apache Velocity v1.7 (compiled: 2010-11-19 12:14:37)
2017-09-10 15:29:17,587 - Default Properties File: org/apache/velocity/runtime/defaults/velocity.properties
2017-09-10 15:29:17,587 - Trying to use logger class org.apache.velocity.runtime.log.AvalonLogChute
2017-09-10 15:29:17,587 - Target log system for org.apache.velocity.runtime.log.AvalonLogChute is not available (java.lang.NoClassDefFoundError: org/apache/log/format/Formatter).  Falling back to next log system...
2017-09-10 15:29:17,587 - Trying to use logger class org.apache.velocity.runtime.log.Log4JLogChute
2017-09-10 15:29:17,587 - Using logger class org.apache.velocity.runtime.log.Log4JLogChute
2017-09-10 15:29:17,591 - ResourceLoader instantiated: org.apache.velocity.runtime.resource.loader.FileResourceLoader
2017-09-10 15:29:17,592 - Do unicode file recognition:  false
2017-09-10 15:29:17,592 - FileResourceLoader : adding path '/home/justincai/NetBeansProjects/framework/target/classes/template/'
2017-09-10 15:29:17,599 - ResourceCache: initialized (class org.apache.velocity.runtime.resource.ResourceCacheImpl) with class java.util.Collections$SynchronizedMap cache map.
2017-09-10 15:29:17,601 - Loaded System Directive: org.apache.velocity.runtime.directive.Stop
2017-09-10 15:29:17,602 - Loaded System Directive: org.apache.velocity.runtime.directive.Define
2017-09-10 15:29:17,602 - Loaded System Directive: org.apache.velocity.runtime.directive.Break
2017-09-10 15:29:17,603 - Loaded System Directive: org.apache.velocity.runtime.directive.Evaluate
2017-09-10 15:29:17,604 - Loaded System Directive: org.apache.velocity.runtime.directive.Literal
2017-09-10 15:29:17,605 - Loaded System Directive: org.apache.velocity.runtime.directive.Macro
2017-09-10 15:29:17,606 - Loaded System Directive: org.apache.velocity.runtime.directive.Parse
2017-09-10 15:29:17,607 - Loaded System Directive: org.apache.velocity.runtime.directive.Include
2017-09-10 15:29:17,608 - Loaded System Directive: org.apache.velocity.runtime.directive.Foreach
2017-09-10 15:29:17,653 - Created '20' parsers.
2017-09-10 15:29:17,660 - Velocimacro : "velocimacro.library" is not set.  Trying default library: VM_global_library.vm
2017-09-10 15:29:17,660 - Velocimacro : Default library not found.
2017-09-10 15:29:17,660 - Velocimacro : allowInline = true : VMs can be defined inline in templates
2017-09-10 15:29:17,660 - Velocimacro : allowInlineToOverride = false : VMs defined inline may NOT replace previous VM definitions
2017-09-10 15:29:17,660 - Velocimacro : allowInlineLocal = false : VMs defined inline will be global in scope if allowed.
2017-09-10 15:29:17,660 - Velocimacro : autoload off : VM system will not automatically reload global library macros
2017-09-10 15:29:17,677 - ResourceManager : found generatorConfig.vm with loader org.apache.velocity.runtime.resource.loader.FileResourceLoader
2017-09-10 17:25:13,997 - Log4JLogChute initialized using file 'velocity.log'
2017-09-10 17:25:13,997 - Initializing Velocity, Calling init()...
2017-09-10 17:25:13,997 - Starting Apache Velocity v1.7 (compiled: 2010-11-19 12:14:37)
2017-09-10 17:25:13,997 - Default Properties File: org/apache/velocity/runtime/defaults/velocity.properties
2017-09-10 17:25:13,997 - Trying to use logger class org.apache.velocity.runtime.log.AvalonLogChute
2017-09-10 17:25:13,998 - Target log system for org.apache.velocity.runtime.log.AvalonLogChute is not available (java.lang.NoClassDefFoundError: org/apache/log/format/Formatter).  Falling back to next log system...
2017-09-10 17:25:13,998 - Trying to use logger class org.apache.velocity.runtime.log.Log4JLogChute
2017-09-10 17:25:13,998 - Using logger class org.apache.velocity.runtime.log.Log4JLogChute
2017-09-10 17:25:14,004 - ResourceLoader instantiated: org.apache.velocity.runtime.resource.loader.FileResourceLoader
2017-09-10 17:25:14,006 - Do unicode file recognition:  false
2017-09-10 17:25:14,006 - FileResourceLoader : adding path '/home/justincai/NetBeansProjects/framework/target/classes/template/'
2017-09-10 17:25:14,012 - ResourceCache: initialized (class org.apache.velocity.runtime.resource.ResourceCacheImpl) with class java.util.Collections$SynchronizedMap cache map.
2017-09-10 17:25:14,014 - Loaded System Directive: org.apache.velocity.runtime.directive.Stop
2017-09-10 17:25:14,016 - Loaded System Directive: org.apache.velocity.runtime.directive.Define
2017-09-10 17:25:14,017 - Loaded System Directive: org.apache.velocity.runtime.directive.Break
2017-09-10 17:25:14,018 - Loaded System Directive: org.apache.velocity.runtime.directive.Evaluate
2017-09-10 17:25:14,018 - Loaded System Directive: org.apache.velocity.runtime.directive.Literal
2017-09-10 17:25:14,019 - Loaded System Directive: org.apache.velocity.runtime.directive.Macro
2017-09-10 17:25:14,020 - Loaded System Directive: org.apache.velocity.runtime.directive.Parse
2017-09-10 17:25:14,021 - Loaded System Directive: org.apache.velocity.runtime.directive.Include
2017-09-10 17:25:14,022 - Loaded System Directive: org.apache.velocity.runtime.directive.Foreach
2017-09-10 17:25:14,064 - Created '20' parsers.
2017-09-10 17:25:14,074 - Velocimacro : "velocimacro.library" is not set.  Trying default library: VM_global_library.vm
2017-09-10 17:25:14,074 - Velocimacro : Default library not found.
2017-09-10 17:25:14,075 - Velocimacro : allowInline = true : VMs can be defined inline in templates
2017-09-10 17:25:14,075 - Velocimacro : allowInlineToOverride = false : VMs defined inline may NOT replace previous VM definitions
2017-09-10 17:25:14,075 - Velocimacro : allowInlineLocal = false : VMs defined inline will be global in scope if allowed.
2017-09-10 17:25:14,075 - Velocimacro : autoload off : VM system will not automatically reload global library macros
2017-09-10 17:25:14,091 - ResourceManager : found generatorConfig.vm with loader org.apache.velocity.runtime.resource.loader.FileResourceLoader
2017-09-10 17:38:58,509 - ResourceManager : found Service.vm with loader org.apache.velocity.runtime.resource.loader.FileResourceLoader
2017-09-10 17:43:28,568 - Log4JLogChute initialized using file 'velocity.log'
2017-09-10 17:43:28,568 - Initializing Velocity, Calling init()...
2017-09-10 17:43:28,568 - Starting Apache Velocity v1.7 (compiled: 2010-11-19 12:14:37)
2017-09-10 17:43:28,568 - Default Properties File: org/apache/velocity/runtime/defaults/velocity.properties
2017-09-10 17:43:28,568 - Trying to use logger class org.apache.velocity.runtime.log.AvalonLogChute
2017-09-10 17:43:28,568 - Target log system for org.apache.velocity.runtime.log.AvalonLogChute is not available (java.lang.NoClassDefFoundError: org/apache/log/format/Formatter).  Falling back to next log system...
2017-09-10 17:43:28,568 - Trying to use logger class org.apache.velocity.runtime.log.Log4JLogChute
2017-09-10 17:43:28,568 - Using logger class org.apache.velocity.runtime.log.Log4JLogChute
2017-09-10 17:43:28,572 - ResourceLoader instantiated: org.apache.velocity.runtime.resource.loader.FileResourceLoader
2017-09-10 17:43:28,573 - Do unicode file recognition:  false
2017-09-10 17:43:28,573 - FileResourceLoader : adding path '/home/justincai/NetBeansProjects/framework/target/classes/template/'
2017-09-10 17:43:28,580 - ResourceCache: initialized (class org.apache.velocity.runtime.resource.ResourceCacheImpl) with class java.util.Collections$SynchronizedMap cache map.
2017-09-10 17:43:28,581 - Loaded System Directive: org.apache.velocity.runtime.directive.Stop
2017-09-10 17:43:28,582 - Loaded System Directive: org.apache.velocity.runtime.directive.Define
2017-09-10 17:43:28,583 - Loaded System Directive: org.apache.velocity.runtime.directive.Break
2017-09-10 17:43:28,584 - Loaded System Directive: org.apache.velocity.runtime.directive.Evaluate
2017-09-10 17:43:28,584 - Loaded System Directive: org.apache.velocity.runtime.directive.Literal
2017-09-10 17:43:28,585 - Loaded System Directive: org.apache.velocity.runtime.directive.Macro
2017-09-10 17:43:28,586 - Loaded System Directive: org.apache.velocity.runtime.directive.Parse
2017-09-10 17:43:28,587 - Loaded System Directive: org.apache.velocity.runtime.directive.Include
2017-09-10 17:43:28,588 - Loaded System Directive: org.apache.velocity.runtime.directive.Foreach
2017-09-10 17:43:28,633 - Created '20' parsers.
2017-09-10 17:43:28,647 - Velocimacro : "velocimacro.library" is not set.  Trying default library: VM_global_library.vm
2017-09-10 17:43:28,648 - Velocimacro : Default library not found.
2017-09-10 17:43:28,648 - Velocimacro : allowInline = true : VMs can be defined inline in templates
2017-09-10 17:43:28,648 - Velocimacro : allowInlineToOverride = false : VMs defined inline may NOT replace previous VM definitions
2017-09-10 17:43:28,648 - Velocimacro : allowInlineLocal = false : VMs defined inline will be global in scope if allowed.
2017-09-10 17:43:28,648 - Velocimacro : autoload off : VM system will not automatically reload global library macros
2017-09-10 17:43:28,668 - ResourceManager : found generatorConfig.vm with loader org.apache.velocity.runtime.resource.loader.FileResourceLoader
2017-09-10 17:43:35,162 - ResourceManager : found Service.vm with loader org.apache.velocity.runtime.resource.loader.FileResourceLoader
2017-09-10 17:47:54,391 - ResourceManager : found ServiceMock.vm with loader org.apache.velocity.runtime.resource.loader.FileResourceLoader
2017-09-10 17:47:54,394 - ResourceManager : found ServiceImpl.vm with loader org.apache.velocity.runtime.resource.loader.FileResourceLoader
2017-09-10 17:51:52,205 - Log4JLogChute initialized using file 'velocity.log'
2017-09-10 17:51:52,206 - Initializing Velocity, Calling init()...
2017-09-10 17:51:52,206 - Starting Apache Velocity v1.7 (compiled: 2010-11-19 12:14:37)
2017-09-10 17:51:52,206 - Default Properties File: org/apache/velocity/runtime/defaults/velocity.properties
2017-09-10 17:51:52,206 - Trying to use logger class org.apache.velocity.runtime.log.AvalonLogChute
2017-09-10 17:51:52,206 - Target log system for org.apache.velocity.runtime.log.AvalonLogChute is not available (java.lang.NoClassDefFoundError: org/apache/log/format/Formatter).  Falling back to next log system...
2017-09-10 17:51:52,206 - Trying to use logger class org.apache.velocity.runtime.log.Log4JLogChute
2017-09-10 17:51:52,206 - Using logger class org.apache.velocity.runtime.log.Log4JLogChute
2017-09-10 17:51:52,210 - ResourceLoader instantiated: org.apache.velocity.runtime.resource.loader.FileResourceLoader
2017-09-10 17:51:52,211 - Do unicode file recognition:  false
2017-09-10 17:51:52,211 - FileResourceLoader : adding path '/home/justincai/NetBeansProjects/framework/target/classes/template/'
2017-09-10 17:51:52,220 - ResourceCache: initialized (class org.apache.velocity.runtime.resource.ResourceCacheImpl) with class java.util.Collections$SynchronizedMap cache map.
2017-09-10 17:51:52,222 - Loaded System Directive: org.apache.velocity.runtime.directive.Stop
2017-09-10 17:51:52,223 - Loaded System Directive: org.apache.velocity.runtime.directive.Define
2017-09-10 17:51:52,223 - Loaded System Directive: org.apache.velocity.runtime.directive.Break
2017-09-10 17:51:52,224 - Loaded System Directive: org.apache.velocity.runtime.directive.Evaluate
2017-09-10 17:51:52,224 - Loaded System Directive: org.apache.velocity.runtime.directive.Literal
2017-09-10 17:51:52,225 - Loaded System Directive: org.apache.velocity.runtime.directive.Macro
2017-09-10 17:51:52,226 - Loaded System Directive: org.apache.velocity.runtime.directive.Parse
2017-09-10 17:51:52,227 - Loaded System Directive: org.apache.velocity.runtime.directive.Include
2017-09-10 17:51:52,228 - Loaded System Directive: org.apache.velocity.runtime.directive.Foreach
2017-09-10 17:51:52,262 - Created '20' parsers.
2017-09-10 17:51:52,268 - Velocimacro : "velocimacro.library" is not set.  Trying default library: VM_global_library.vm
2017-09-10 17:51:52,268 - Velocimacro : Default library not found.
2017-09-10 17:51:52,268 - Velocimacro : allowInline = true : VMs can be defined inline in templates
2017-09-10 17:51:52,268 - Velocimacro : allowInlineToOverride = false : VMs defined inline may NOT replace previous VM definitions
2017-09-10 17:51:52,269 - Velocimacro : allowInlineLocal = false : VMs defined inline will be global in scope if allowed.
2017-09-10 17:51:52,269 - Velocimacro : autoload off : VM system will not automatically reload global library macros
2017-09-10 17:51:52,283 - ResourceManager : found generatorConfig.vm with loader org.apache.velocity.runtime.resource.loader.FileResourceLoader
2017-09-10 17:51:52,474 - ResourceManager : found Service.vm with loader org.apache.velocity.runtime.resource.loader.FileResourceLoader
2017-09-10 17:51:52,475 - ResourceManager : found ServiceMock.vm with loader org.apache.velocity.runtime.resource.loader.FileResourceLoader
2017-09-10 17:51:52,477 - ResourceManager : found ServiceImpl.vm with loader org.apache.velocity.runtime.resource.loader.FileResourceLoader
2017-09-10 19:40:11,132 - Log4JLogChute initialized using file 'velocity.log'
2017-09-10 19:40:11,132 - Initializing Velocity, Calling init()...
2017-09-10 19:40:11,132 - Starting Apache Velocity v1.7 (compiled: 2010-11-19 12:14:37)
2017-09-10 19:40:11,132 - Default Properties File: org/apache/velocity/runtime/defaults/velocity.properties
2017-09-10 19:40:11,132 - Trying to use logger class org.apache.velocity.runtime.log.AvalonLogChute
2017-09-10 19:40:11,132 - Target log system for org.apache.velocity.runtime.log.AvalonLogChute is not available (java.lang.NoClassDefFoundError: org/apache/log/format/Formatter).  Falling back to next log system...
2017-09-10 19:40:11,132 - Trying to use logger class org.apache.velocity.runtime.log.Log4JLogChute
2017-09-10 19:40:11,132 - Using logger class org.apache.velocity.runtime.log.Log4JLogChute
2017-09-10 19:40:11,136 - ResourceLoader instantiated: org.apache.velocity.runtime.resource.loader.FileResourceLoader
2017-09-10 19:40:11,137 - Do unicode file recognition:  false
2017-09-10 19:40:11,137 - FileResourceLoader : adding path '/home/justincai/NetBeansProjects/framework/target/classes/template/'
2017-09-10 19:40:11,143 - ResourceCache: initialized (class org.apache.velocity.runtime.resource.ResourceCacheImpl) with class java.util.Collections$SynchronizedMap cache map.
2017-09-10 19:40:11,146 - Loaded System Directive: org.apache.velocity.runtime.directive.Stop
2017-09-10 19:40:11,147 - Loaded System Directive: org.apache.velocity.runtime.directive.Define
2017-09-10 19:40:11,147 - Loaded System Directive: org.apache.velocity.runtime.directive.Break
2017-09-10 19:40:11,148 - Loaded System Directive: org.apache.velocity.runtime.directive.Evaluate
2017-09-10 19:40:11,148 - Loaded System Directive: org.apache.velocity.runtime.directive.Literal
2017-09-10 19:40:11,149 - Loaded System Directive: org.apache.velocity.runtime.directive.Macro
2017-09-10 19:40:11,150 - Loaded System Directive: org.apache.velocity.runtime.directive.Parse
2017-09-10 19:40:11,151 - Loaded System Directive: org.apache.velocity.runtime.directive.Include
2017-09-10 19:40:11,152 - Loaded System Directive: org.apache.velocity.runtime.directive.Foreach
2017-09-10 19:40:11,186 - Created '20' parsers.
2017-09-10 19:40:11,192 - Velocimacro : "velocimacro.library" is not set.  Trying default library: VM_global_library.vm
2017-09-10 19:40:11,192 - Velocimacro : Default library not found.
2017-09-10 19:40:11,192 - Velocimacro : allowInline = true : VMs can be defined inline in templates
2017-09-10 19:40:11,192 - Velocimacro : allowInlineToOverride = false : VMs defined inline may NOT replace previous VM definitions
2017-09-10 19:40:11,193 - Velocimacro : allowInlineLocal = false : VMs defined inline will be global in scope if allowed.
2017-09-10 19:40:11,193 - Velocimacro : autoload off : VM system will not automatically reload global library macros
2017-09-10 19:40:11,208 - ResourceManager : found generatorConfig.vm with loader org.apache.velocity.runtime.resource.loader.FileResourceLoader
2017-09-10 19:40:11,402 - ResourceManager : found Service.vm with loader org.apache.velocity.runtime.resource.loader.FileResourceLoader
2017-09-10 19:40:11,404 - ResourceManager : found ServiceMock.vm with loader org.apache.velocity.runtime.resource.loader.FileResourceLoader
2017-09-10 19:40:11,406 - ResourceManager : found ServiceImpl.vm with loader org.apache.velocity.runtime.resource.loader.FileResourceLoader
2017-09-10 19:41:19,582 - ResourceManager : found Service.vm with loader org.apache.velocity.runtime.resource.loader.FileResourceLoader
2017-09-10 19:41:19,584 - ResourceManager : found ServiceMock.vm with loader org.apache.velocity.runtime.resource.loader.FileResourceLoader
2017-09-10 19:41:19,586 - ResourceManager : found ServiceImpl.vm with loader org.apache.velocity.runtime.resource.loader.FileResourceLoader
2017-09-10 19:41:30,815 - ResourceManager : found Service.vm with loader org.apache.velocity.runtime.resource.loader.FileResourceLoader
2017-09-10 19:41:30,816 - ResourceManager : found ServiceMock.vm with loader org.apache.velocity.runtime.resource.loader.FileResourceLoader
2017-09-10 19:41:30,818 - ResourceManager : found ServiceImpl.vm with loader org.apache.velocity.runtime.resource.loader.FileResourceLoader
2017-09-10 19:52:19,077 - Log4JLogChute initialized using file 'velocity.log'
2017-09-10 19:52:19,078 - Initializing Velocity, Calling init()...
2017-09-10 19:52:19,078 - Starting Apache Velocity v1.7 (compiled: 2010-11-19 12:14:37)
2017-09-10 19:52:19,078 - Default Properties File: org/apache/velocity/runtime/defaults/velocity.properties
2017-09-10 19:52:19,078 - Trying to use logger class org.apache.velocity.runtime.log.AvalonLogChute
2017-09-10 19:52:19,078 - Target log system for org.apache.velocity.runtime.log.AvalonLogChute is not available (java.lang.NoClassDefFoundError: org/apache/log/format/Formatter).  Falling back to next log system...
2017-09-10 19:52:19,078 - Trying to use logger class org.apache.velocity.runtime.log.Log4JLogChute
2017-09-10 19:52:19,078 - Using logger class org.apache.velocity.runtime.log.Log4JLogChute
2017-09-10 19:52:19,081 - ResourceLoader instantiated: org.apache.velocity.runtime.resource.loader.FileResourceLoader
2017-09-10 19:52:19,082 - Do unicode file recognition:  false
2017-09-10 19:52:19,082 - FileResourceLoader : adding path '/home/justincai/NetBeansProjects/framework/target/classes/template/'
2017-09-10 19:52:19,086 - ResourceCache: initialized (class org.apache.velocity.runtime.resource.ResourceCacheImpl) with class java.util.Collections$SynchronizedMap cache map.
2017-09-10 19:52:19,087 - Loaded System Directive: org.apache.velocity.runtime.directive.Stop
2017-09-10 19:52:19,088 - Loaded System Directive: org.apache.velocity.runtime.directive.Define
2017-09-10 19:52:19,088 - Loaded System Directive: org.apache.velocity.runtime.directive.Break
2017-09-10 19:52:19,089 - Loaded System Directive: org.apache.velocity.runtime.directive.Evaluate
2017-09-10 19:52:19,089 - Loaded System Directive: org.apache.velocity.runtime.directive.Literal
2017-09-10 19:52:19,090 - Loaded System Directive: org.apache.velocity.runtime.directive.Macro
2017-09-10 19:52:19,091 - Loaded System Directive: org.apache.velocity.runtime.directive.Parse
2017-09-10 19:52:19,091 - Loaded System Directive: org.apache.velocity.runtime.directive.Include
2017-09-10 19:52:19,092 - Loaded System Directive: org.apache.velocity.runtime.directive.Foreach
2017-09-10 19:52:19,126 - Created '20' parsers.
2017-09-10 19:52:19,130 - Velocimacro : "velocimacro.library" is not set.  Trying default library: VM_global_library.vm
2017-09-10 19:52:19,131 - Velocimacro : Default library not found.
2017-09-10 19:52:19,131 - Velocimacro : allowInline = true : VMs can be defined inline in templates
2017-09-10 19:52:19,131 - Velocimacro : allowInlineToOverride = false : VMs defined inline may NOT replace previous VM definitions
2017-09-10 19:52:19,131 - Velocimacro : allowInlineLocal = false : VMs defined inline will be global in scope if allowed.
2017-09-10 19:52:19,131 - Velocimacro : autoload off : VM system will not automatically reload global library macros
2017-09-10 19:52:19,143 - ResourceManager : found generatorConfig.vm with loader org.apache.velocity.runtime.resource.loader.FileResourceLoader
2017-09-10 19:55:31,003 - Log4JLogChute initialized using file 'velocity.log'
2017-09-10 19:55:31,003 - Initializing Velocity, Calling init()...
2017-09-10 19:55:31,003 - Starting Apache Velocity v1.7 (compiled: 2010-11-19 12:14:37)
2017-09-10 19:55:31,004 - Default Properties File: org/apache/velocity/runtime/defaults/velocity.properties
2017-09-10 19:55:31,004 - Trying to use logger class org.apache.velocity.runtime.log.AvalonLogChute
2017-09-10 19:55:31,004 - Target log system for org.apache.velocity.runtime.log.AvalonLogChute is not available (java.lang.NoClassDefFoundError: org/apache/log/format/Formatter).  Falling back to next log system...
2017-09-10 19:55:31,004 - Trying to use logger class org.apache.velocity.runtime.log.Log4JLogChute
2017-09-10 19:55:31,004 - Using logger class org.apache.velocity.runtime.log.Log4JLogChute
2017-09-10 19:55:31,007 - ResourceLoader instantiated: org.apache.velocity.runtime.resource.loader.FileResourceLoader
2017-09-10 19:55:31,007 - Do unicode file recognition:  false
2017-09-10 19:55:31,008 - FileResourceLoader : adding path '/home/justincai/NetBeansProjects/framework/target/classes/template/'
2017-09-10 19:55:31,013 - ResourceCache: initialized (class org.apache.velocity.runtime.resource.ResourceCacheImpl) with class java.util.Collections$SynchronizedMap cache map.
2017-09-10 19:55:31,014 - Loaded System Directive: org.apache.velocity.runtime.directive.Stop
2017-09-10 19:55:31,014 - Loaded System Directive: org.apache.velocity.runtime.directive.Define
2017-09-10 19:55:31,015 - Loaded System Directive: org.apache.velocity.runtime.directive.Break
2017-09-10 19:55:31,015 - Loaded System Directive: org.apache.velocity.runtime.directive.Evaluate
2017-09-10 19:55:31,016 - Loaded System Directive: org.apache.velocity.runtime.directive.Literal
2017-09-10 19:55:31,017 - Loaded System Directive: org.apache.velocity.runtime.directive.Macro
2017-09-10 19:55:31,017 - Loaded System Directive: org.apache.velocity.runtime.directive.Parse
2017-09-10 19:55:31,018 - Loaded System Directive: org.apache.velocity.runtime.directive.Include
2017-09-10 19:55:31,019 - Loaded System Directive: org.apache.velocity.runtime.directive.Foreach
2017-09-10 19:55:31,050 - Created '20' parsers.
2017-09-10 19:55:31,055 - Velocimacro : "velocimacro.library" is not set.  Trying default library: VM_global_library.vm
2017-09-10 19:55:31,055 - Velocimacro : Default library not found.
2017-09-10 19:55:31,055 - Velocimacro : allowInline = true : VMs can be defined inline in templates
2017-09-10 19:55:31,055 - Velocimacro : allowInlineToOverride = false : VMs defined inline may NOT replace previous VM definitions
2017-09-10 19:55:31,055 - Velocimacro : allowInlineLocal = false : VMs defined inline will be global in scope if allowed.
2017-09-10 19:55:31,055 - Velocimacro : autoload off : VM system will not automatically reload global library macros
2017-09-10 19:55:31,068 - ResourceManager : found generatorConfig.vm with loader org.apache.velocity.runtime.resource.loader.FileResourceLoader
2017-09-10 19:55:31,218 - ResourceManager : found Service.vm with loader org.apache.velocity.runtime.resource.loader.FileResourceLoader
2017-09-10 19:55:31,219 - ResourceManager : found ServiceMock.vm with loader org.apache.velocity.runtime.resource.loader.FileResourceLoader
2017-09-10 19:55:31,222 - ResourceManager : found ServiceImpl.vm with loader org.apache.velocity.runtime.resource.loader.FileResourceLoader
2017-09-10 19:55:31,223 - ResourceManager : found Service.vm with loader org.apache.velocity.runtime.resource.loader.FileResourceLoader
2017-09-10 19:55:31,224 - ResourceManager : found ServiceMock.vm with loader org.apache.velocity.runtime.resource.loader.FileResourceLoader
2017-09-10 19:55:31,225 - ResourceManager : found ServiceImpl.vm with loader org.apache.velocity.runtime.resource.loader.FileResourceLoader
2017-09-10 19:55:31,227 - ResourceManager : found Service.vm with loader org.apache.velocity.runtime.resource.loader.FileResourceLoader
2017-09-10 19:55:31,228 - ResourceManager : found ServiceMock.vm with loader org.apache.velocity.runtime.resource.loader.FileResourceLoader
2017-09-10 19:55:31,229 - ResourceManager : found ServiceImpl.vm with loader org.apache.velocity.runtime.resource.loader.FileResourceLoader
